<?xml version="1.0" encoding="UTF-8"?>
<!-- Generated by org.testng.reporters.JUnitReportReporter -->
<testsuite skipped="0" hostname="DESKTOP-HQCM5R0" name="pkg.gitjen" tests="1" failures="0" timestamp="2020-06-13T20:46:31 IST" time="0.242" errors="0">
  <testcase name="display" time="0.242" classname="pkg.gitjen"/>
  <system-out/>
</testsuite> <!-- pkg.gitjen -->
